<?xml version="1.0" encoding="UTF-8"?>
<testng-results ignored="0" total="1" passed="1" failed="0" skipped="0">
  <reporter-output>
  </reporter-output>
  <suite started-at="2023-08-07T09:42:17 IST" name="Suite" finished-at="2023-08-07T09:42:38 IST" duration-ms="21004">
    <groups>
    </groups>
    <test started-at="2023-08-07T09:42:17 IST" name="Test" finished-at="2023-08-07T09:42:38 IST" duration-ms="21004">
      <class name="com.blazedemo.TestPage.blazedemo_TC_01">
        <test-method is-config="true" signature="setup(java.lang.String)[pri:0, instance:com.blazedemo.TestPage.blazedemo_TC_01@48bb62]" started-at="2023-08-07T09:42:17 IST" name="setup" finished-at="2023-08-07T09:42:35 IST" duration-ms="18506" status="PASS">
          <params>
            <param index="0">
              <value>
                <![CDATA[chrome]]>
              </value>
            </param>
          </params>
          <reporter-output>
          </reporter-output>
        </test-method> <!-- setup -->
        <test-method signature="homepage()[pri:0, instance:com.blazedemo.TestPage.blazedemo_TC_01@48bb62]" started-at="2023-08-07T09:42:35 IST" name="homepage" finished-at="2023-08-07T09:42:38 IST" duration-ms="2101" status="PASS">
          <reporter-output>
          </reporter-output>
        </test-method> <!-- homepage -->
        <test-method is-config="true" signature="teardown()[pri:0, instance:com.blazedemo.TestPage.blazedemo_TC_01@48bb62]" started-at="2023-08-07T09:42:38 IST" name="teardown" finished-at="2023-08-07T09:42:38 IST" duration-ms="259" status="PASS">
          <reporter-output>
          </reporter-output>
        </test-method> <!-- teardown -->
      </class> <!-- com.blazedemo.TestPage.blazedemo_TC_01 -->
    </test> <!-- Test -->
  </suite> <!-- Suite -->
</testng-results>
