<?xml version="1.0" encoding="UTF-8"?>
<testng-results ignored="0" total="1" passed="1" failed="0" skipped="0">
  <reporter-output>
  </reporter-output>
  <suite started-at="2023-08-17T09:02:08 IST" name="Suite" finished-at="2023-08-17T09:02:29 IST" duration-ms="20803">
    <groups>
    </groups>
    <test started-at="2023-08-17T09:02:08 IST" name="Test" finished-at="2023-08-17T09:02:29 IST" duration-ms="20803">
      <class name="com.blazedemo.TestPage.blazedemo_TC_02">
        <test-method is-config="true" signature="setup(java.lang.String)[pri:0, instance:com.blazedemo.TestPage.blazedemo_TC_02@48bb62]" started-at="2023-08-17T09:02:09 IST" name="setup" finished-at="2023-08-17T09:02:25 IST" duration-ms="16161" status="PASS">
          <params>
            <param index="0">
              <value>
                <![CDATA[chrome]]>
              </value>
            </param>
          </params>
          <reporter-output>
          </reporter-output>
        </test-method> <!-- setup -->
        <test-method signature="flightPriceScreen()[pri:0, instance:com.blazedemo.TestPage.blazedemo_TC_02@48bb62]" started-at="2023-08-17T09:02:25 IST" name="flightPriceScreen" finished-at="2023-08-17T09:02:29 IST" duration-ms="3844" status="PASS">
          <reporter-output>
          </reporter-output>
        </test-method> <!-- flightPriceScreen -->
        <test-method is-config="true" signature="teardown()[pri:0, instance:com.blazedemo.TestPage.blazedemo_TC_02@48bb62]" started-at="2023-08-17T09:02:29 IST" name="teardown" finished-at="2023-08-17T09:02:29 IST" duration-ms="685" status="PASS">
          <reporter-output>
          </reporter-output>
        </test-method> <!-- teardown -->
      </class> <!-- com.blazedemo.TestPage.blazedemo_TC_02 -->
    </test> <!-- Test -->
  </suite> <!-- Suite -->
</testng-results>
